INFO:     Will watch for changes in these directories: ['/Users/aaryashrivaastava/Desktop/Hackathon prototype/nexustwin/backend']
INFO:     Uvicorn running on http://0.0.0.0:8000 (Press CTRL+C to quit)
INFO:     Started reloader process [14288] using StatReload
INFO:     Started server process [14320]
INFO:     Waiting for application startup.
INFO:     Application startup complete.
INFO:     127.0.0.1:54206 - "GET / HTTP/1.1" 200 OK
WARNING:  StatReload detected changes in 'services/twin_generator.py'. Reloading...
INFO:     Shutting down
INFO:     Waiting for application shutdown.
INFO:     Application shutdown complete.
INFO:     Finished server process [14320]
WARNING:  StatReload detected changes in 'services/future_simulator.py'. Reloading...
INFO:     Started server process [15122]
INFO:     Waiting for application startup.
INFO:     Application startup complete.
INFO:     Shutting down
INFO:     Waiting for application shutdown.
INFO:     Application shutdown complete.
INFO:     Finished server process [15122]
INFO:     Started server process [15123]
INFO:     Waiting for application startup.
INFO:     Application startup complete.
